<?xml version="1.0" encoding="UTF-8"?>
<testsuite xmlns:xsi="http://www.w3.org/2001/XMLSchema-instance" xsi:noNamespaceSchemaLocation="https://maven.apache.org/surefire/maven-surefire-plugin/xsd/surefire-test-report-3.0.xsd" version="3.0" name="com.example.dealsplus.DealsplusApplicationTests" time="5.182" tests="1" errors="0" skipped="0" failures="0">
  <properties>
[...]
</properties>
  <testcase name="contextLoads" classname="com.example.dealsplus.DealsplusApplicationTests" time="0.431">
    <system-out><![CDATA[16:53:17.927 [main] INFO org.springframework.test.context.support.AnnotationConfigContextLoaderUtils -- Could not detect default configuration classes for test class [com.example.dealsplus.DealsplusApplicationTests]: DealsplusApplicationTests does not declare any static, non-private, non-final, nested classes annotated with @Configuration.
16:53:18.038 [main] INFO org.springframework.boot.test.context.SpringBootTestContextBootstrapper -- Found @SpringBootConfiguration com.example.dealsplus.DealsplusApplication for test class com.example.dealsplus.DealsplusApplicationTests

  .   ____          _            __ _ _
 /\\ / ___'_ __ _ _(_)_ __  __ _ \ \ \ \
( ( )\___ | '_ | '_| | '_ \/ _` | \ \ \ \
 \\/  ___)| |_)| | | | | || (_| |  ) ) ) )
  '  |____| .__|_| |_|_| |_\__, | / / / /
 =========|_|==============|___/=/_/_/_/
 :: Spring Boot ::                (v3.2.3)

2024-06-16T16:53:18.357+05:30  INFO 1330473 --- [dealsplus] [           main] c.e.dealsplus.DealsplusApplicationTests  : Starting DealsplusApplicationTests using Java 17.0.6 with PID 1330473 (started by kaustubh in /home/kaustubh/Documents/company-assignment/Dealsplus)
2024-06-16T16:53:18.358+05:30  INFO 1330473 --- [dealsplus] [           main] c.e.dealsplus.DealsplusApplicationTests  : No active profile set, falling back to 1 default profile: "default"
2024-06-16T16:53:19.029+05:30  INFO 1330473 --- [dealsplus] [           main] .s.d.r.c.RepositoryConfigurationDelegate : Bootstrapping Spring Data JPA repositories in DEFAULT mode.
2024-06-16T16:53:19.085+05:30  INFO 1330473 --- [dealsplus] [           main] .s.d.r.c.RepositoryConfigurationDelegate : Finished Spring Data repository scanning in 49 ms. Found 5 JPA repository interfaces.
2024-06-16T16:53:19.455+05:30  INFO 1330473 --- [dealsplus] [           main] com.zaxxer.hikari.HikariDataSource       : HikariPool-1 - Starting...
2024-06-16T16:53:19.747+05:30  INFO 1330473 --- [dealsplus] [           main] com.zaxxer.hikari.pool.HikariPool        : HikariPool-1 - Added connection com.mysql.cj.jdbc.ConnectionImpl@7abeabe9
2024-06-16T16:53:19.749+05:30  INFO 1330473 --- [dealsplus] [           main] com.zaxxer.hikari.HikariDataSource       : HikariPool-1 - Start completed.
2024-06-16T16:53:19.842+05:30  INFO 1330473 --- [dealsplus] [           main] o.hibernate.jpa.internal.util.LogHelper  : HHH000204: Processing PersistenceUnitInfo [name: default]
2024-06-16T16:53:19.894+05:30  INFO 1330473 --- [dealsplus] [           main] org.hibernate.Version                    : HHH000412: Hibernate ORM core version 6.4.4.Final
2024-06-16T16:53:19.931+05:30  INFO 1330473 --- [dealsplus] [           main] o.h.c.internal.RegionFactoryInitiator    : HHH000026: Second-level cache disabled
2024-06-16T16:53:20.133+05:30  INFO 1330473 --- [dealsplus] [           main] o.s.o.j.p.SpringPersistenceUnitInfo      : No LoadTimeWeaver setup: ignoring JPA class transformer
2024-06-16T16:53:20.185+05:30  WARN 1330473 --- [dealsplus] [           main] org.hibernate.orm.deprecation            : HHH90000025: MySQL8Dialect does not need to be specified explicitly using 'hibernate.dialect' (remove the property setting and it will be selected by default)
2024-06-16T16:53:20.186+05:30  WARN 1330473 --- [dealsplus] [           main] org.hibernate.orm.deprecation            : HHH90000026: MySQL8Dialect has been deprecated; use org.hibernate.dialect.MySQLDialect instead
2024-06-16T16:53:20.948+05:30  INFO 1330473 --- [dealsplus] [           main] o.h.e.t.j.p.i.JtaPlatformInitiator       : HHH000489: No JTA platform available (set 'hibernate.transaction.jta.platform' to enable JTA platform integration)
Hibernate: create table company (companyId bigint not null, companyInfo varchar(255), name varchar(255), primary key (companyId)) engine=InnoDB
Hibernate: create table company_SEQ (next_val bigint) engine=InnoDB
Hibernate: insert into company_SEQ values ( 1 )
Hibernate: create table structure_company (structureId bigint not null, companyId bigint not null) engine=InnoDB
Hibernate: alter table structure_company add constraint FK4mojjy6bul2stx36gxn2n87rq foreign key (companyId) references company (companyId)
Hibernate: alter table structure_company add constraint FKok45l7ggonnscmeudp9xnkj4y foreign key (structureId) references structure (structureId)
2024-06-16T16:53:21.525+05:30  INFO 1330473 --- [dealsplus] [           main] j.LocalContainerEntityManagerFactoryBean : Initialized JPA EntityManagerFactory for persistence unit 'default'
2024-06-16T16:53:22.007+05:30  WARN 1330473 --- [dealsplus] [           main] JpaBaseConfiguration$JpaWebConfiguration : spring.jpa.open-in-view is enabled by default. Therefore, database queries may be performed during view rendering. Explicitly configure spring.jpa.open-in-view to disable this warning
2024-06-16T16:53:22.269+05:30  INFO 1330473 --- [dealsplus] [           main] o.s.s.web.DefaultSecurityFilterChain     : Will secure any request with [org.springframework.security.web.session.DisableEncodeUrlFilter@3abd7b20, org.springframework.security.web.context.request.async.WebAsyncManagerIntegrationFilter@329a27ae, org.springframework.security.web.context.SecurityContextHolderFilter@153c69bc, org.springframework.security.web.header.HeaderWriterFilter@12f933c7, org.springframework.security.web.authentication.logout.LogoutFilter@44bb6856, com.example.dealsplus.security.JwtAuthFilter@6e475994, org.springframework.security.web.savedrequest.RequestCacheAwareFilter@4b517357, org.springframework.security.web.servletapi.SecurityContextHolderAwareRequestFilter@702ab027, org.springframework.security.web.authentication.AnonymousAuthenticationFilter@589a82af, org.springframework.security.web.session.SessionManagementFilter@89dd102, org.springframework.security.web.access.ExceptionTranslationFilter@253c7189, org.springframework.security.web.access.intercept.AuthorizationFilter@58ca1cad]
2024-06-16T16:53:22.496+05:30  INFO 1330473 --- [dealsplus] [           main] c.e.dealsplus.DealsplusApplicationTests  : Started DealsplusApplicationTests in 4.342 seconds (process running for 5.289)
]]></system-out>
  </testcase>
</testsuite>